=/pretest.json
{
  _: [],
  f: [
    '/home/runner/work/exp-heap-sort-iiith/exp-heap-sort-iiith/experiment/pretest.json'
  ],
  files: [
    '/home/runner/work/exp-heap-sort-iiith/exp-heap-sort-iiith/experiment/pretest.json'
  ],
  c: 'assessment',
  contentTypes: 'assessment',
  'content-types': 'assessment',
  '$0': 'validate'
}
Validated true
=/insert-heap/insert-heap-quiz.json
{
  _: [],
  f: [
    '/home/runner/work/exp-heap-sort-iiith/exp-heap-sort-iiith/experiment/insert-heap/insert-heap-quiz.json'
  ],
  files: [
    '/home/runner/work/exp-heap-sort-iiith/exp-heap-sort-iiith/experiment/insert-heap/insert-heap-quiz.json'
  ],
  c: 'assessment',
  contentTypes: 'assessment',
  'content-types': 'assessment',
  '$0': 'validate'
}
Validated true
=/extract-min-operation/extract-min-heap-sort-quiz.json
{
  _: [],
  f: [
    '/home/runner/work/exp-heap-sort-iiith/exp-heap-sort-iiith/experiment/extract-min-operation/extract-min-heap-sort-quiz.json'
  ],
  files: [
    '/home/runner/work/exp-heap-sort-iiith/exp-heap-sort-iiith/experiment/extract-min-operation/extract-min-heap-sort-quiz.json'
  ],
  c: 'assessment',
  contentTypes: 'assessment',
  'content-types': 'assessment',
  '$0': 'validate'
}
Validated true
=/heap-sort/heap-sort-quiz.json
{
  _: [],
  f: [
    '/home/runner/work/exp-heap-sort-iiith/exp-heap-sort-iiith/experiment/heap-sort/heap-sort-quiz.json'
  ],
  files: [
    '/home/runner/work/exp-heap-sort-iiith/exp-heap-sort-iiith/experiment/heap-sort/heap-sort-quiz.json'
  ],
  c: 'assessment',
  contentTypes: 'assessment',
  'content-types': 'assessment',
  '$0': 'validate'
}
Validated true
=/posttest.json
{
  _: [],
  f: [
    '/home/runner/work/exp-heap-sort-iiith/exp-heap-sort-iiith/experiment/posttest.json'
  ],
  files: [
    '/home/runner/work/exp-heap-sort-iiith/exp-heap-sort-iiith/experiment/posttest.json'
  ],
  c: 'assessment',
  contentTypes: 'assessment',
  'content-types': 'assessment',
  '$0': 'validate'
}
Validated true
