code-assessment.html     http://outreach.vlabs.ac.in/
feedback.html     http://outreach.vlabs.ac.in/
further-reading-and-references.html     http://outreach.vlabs.ac.in/
index.html     http://outreach.vlabs.ac.in/
performance-report.html     http://vlab.co.in
overview.html     http://outreach.vlabs.ac.in/
posttest.html     http://outreach.vlabs.ac.in/
pretest.html     http://outreach.vlabs.ac.in/
recap.html     http://outreach.vlabs.ac.in/
validator-report.html     http://vlab.co.in
extract-min-operation/extract-min-heap-sort-quiz.html     http://outreach.vlabs.ac.in/
extract-min-operation/extract-min-process.html     http://outreach.vlabs.ac.in/
extract-min-operation/index.html     http://outreach.vlabs.ac.in/
extract-min-operation/overview.html     http://outreach.vlabs.ac.in/
heap-sort/fast-build-heap-process.html     http://outreach.vlabs.ac.in/
heap-sort/heap-sort-quiz.html     http://outreach.vlabs.ac.in/
heap-sort/index.html     http://outreach.vlabs.ac.in/
heap-sort/overview.html     http://outreach.vlabs.ac.in/
insert-heap/index.html     http://outreach.vlabs.ac.in/
insert-heap/insert-heap-process.html     http://outreach.vlabs.ac.in/
insert-heap/insert-heap-quiz.html     http://outreach.vlabs.ac.in/
insert-heap/overview.html     http://outreach.vlabs.ac.in/
